2023-09-11 07:41:18.378  INFO 18556 --- [main] c.c.smppsimapi.SmppsimApiApplication     : Starting SmppsimApiApplication using Java 17.0.7 on DESKTOP-RJTFBEU with PID 18556 (D:\sts-workspace\springboot\SmppsimApi\target\classes started by anket.singh in D:\sts-workspace\springboot\SmppsimApi)
2023-09-11 07:41:18.385  INFO 18556 --- [main] c.c.smppsimapi.SmppsimApiApplication     : No active profile set, falling back to 1 default profile: "default"
2023-09-11 07:41:21.406  INFO 18556 --- [main] o.s.b.w.embedded.tomcat.TomcatWebServer  : Tomcat initialized with port(s): 8080 (http)
2023-09-11 07:41:21.436  INFO 18556 --- [main] o.apache.catalina.core.StandardService   : Starting service [Tomcat]
2023-09-11 07:41:21.437  INFO 18556 --- [main] org.apache.catalina.core.StandardEngine  : Starting Servlet engine: [Apache Tomcat/9.0.79]
2023-09-11 07:41:21.840  INFO 18556 --- [main] o.a.c.c.C.[Tomcat].[localhost].[/]       : Initializing Spring embedded WebApplicationContext
2023-09-11 07:41:21.841  INFO 18556 --- [main] w.s.c.ServletWebServerApplicationContext : Root WebApplicationContext: initialization completed in 3371 ms
2023-09-11 07:41:23.451  INFO 18556 --- [main] o.s.b.w.embedded.tomcat.TomcatWebServer  : Tomcat started on port(s): 8080 (http) with context path ''
2023-09-11 07:41:23.862  INFO 18556 --- [main] c.c.smppsimapi.SmppsimApiApplication     : Started SmppsimApiApplication in 6.108 seconds (JVM running for 6.674)
2023-09-11 07:41:34.643  INFO 18556 --- [http-nio-8080-exec-1] o.a.c.c.C.[Tomcat].[localhost].[/]       : Initializing Spring DispatcherServlet 'dispatcherServlet'
2023-09-11 07:41:34.643  INFO 18556 --- [http-nio-8080-exec-1] o.s.web.servlet.DispatcherServlet        : Initializing Servlet 'dispatcherServlet'
2023-09-11 07:41:34.645  INFO 18556 --- [http-nio-8080-exec-1] o.s.web.servlet.DispatcherServlet        : Completed initialization in 1 ms
2023-09-11 07:41:34.746  INFO 18556 --- [http-nio-8080-exec-1] c.c.s.controller.SmppsimController       : JSON request :: UssdMessage(sourceAddress=24381920070, userMessageReference=1233, selectOfferType=1, selectOffe=2, paymentMode=2, currencyType=1)
2023-09-11 07:42:00.870  INFO 18556 --- [http-nio-8080-exec-4] c.c.s.controller.SmppsimController       : JSON request :: UssdMessage(sourceAddress=243819720070, userMessageReference=, selectOfferType=1, selectOffe=2, paymentMode=2, currencyType=1)
2023-09-11 07:42:01.550  INFO 18556 --- [http-nio-8080-exec-4] c.c.smppsimapi.service.SimpleMOInjector  : Main menu SMS sent successfully
2023-09-11 07:42:07.292  INFO 18556 --- [http-nio-8080-exec-4] c.c.smppsimapi.service.SimpleMOInjector  : Select offer type SMS sent successfully
2023-09-11 07:42:17.933  INFO 18556 --- [http-nio-8080-exec-4] c.c.smppsimapi.service.SimpleMOInjector  : Offer selection SMS sent successfully
2023-09-11 07:42:23.666  INFO 18556 --- [http-nio-8080-exec-4] c.c.smppsimapi.service.SimpleMOInjector  : Payment mode selection  SMS sent successfully
2023-09-11 07:42:29.301  INFO 18556 --- [http-nio-8080-exec-4] c.c.smppsimapi.service.SimpleMOInjector  : Currency type selection  SMS sent successfully
2023-09-11 07:42:29.301  INFO 18556 --- [http-nio-8080-exec-4] c.c.smppsimapi.service.SimpleMOInjector  : Program terminated
2023-09-11 07:43:34.067  INFO 4516 --- [main] c.c.smppsimapi.SmppsimApiApplication     : Starting SmppsimApiApplication using Java 17.0.7 on DESKTOP-RJTFBEU with PID 4516 (D:\sts-workspace\springboot\SmppsimApi\target\classes started by anket.singh in D:\sts-workspace\springboot\SmppsimApi)
2023-09-11 07:43:34.071  INFO 4516 --- [main] c.c.smppsimapi.SmppsimApiApplication     : No active profile set, falling back to 1 default profile: "default"
2023-09-11 07:43:35.409  INFO 4516 --- [main] o.s.b.w.embedded.tomcat.TomcatWebServer  : Tomcat initialized with port(s): 8080 (http)
2023-09-11 07:43:35.421  INFO 4516 --- [main] o.apache.catalina.core.StandardService   : Starting service [Tomcat]
2023-09-11 07:43:35.421  INFO 4516 --- [main] org.apache.catalina.core.StandardEngine  : Starting Servlet engine: [Apache Tomcat/9.0.79]
2023-09-11 07:43:35.577  INFO 4516 --- [main] o.a.c.c.C.[Tomcat].[localhost].[/]       : Initializing Spring embedded WebApplicationContext
2023-09-11 07:43:35.577  INFO 4516 --- [main] w.s.c.ServletWebServerApplicationContext : Root WebApplicationContext: initialization completed in 1450 ms
2023-09-11 07:43:36.307  INFO 4516 --- [main] o.s.b.w.embedded.tomcat.TomcatWebServer  : Tomcat started on port(s): 8080 (http) with context path ''
2023-09-11 07:43:36.482  INFO 4516 --- [main] c.c.smppsimapi.SmppsimApiApplication     : Started SmppsimApiApplication in 2.929 seconds (JVM running for 3.457)
2023-09-11 07:43:42.126  INFO 4516 --- [http-nio-8080-exec-1] o.a.c.c.C.[Tomcat].[localhost].[/]       : Initializing Spring DispatcherServlet 'dispatcherServlet'
2023-09-11 07:43:42.126  INFO 4516 --- [http-nio-8080-exec-1] o.s.web.servlet.DispatcherServlet        : Initializing Servlet 'dispatcherServlet'
2023-09-11 07:43:42.127  INFO 4516 --- [http-nio-8080-exec-1] o.s.web.servlet.DispatcherServlet        : Completed initialization in 1 ms
2023-09-11 07:43:42.216  INFO 4516 --- [http-nio-8080-exec-1] c.c.s.controller.SmppsimController       : JSON request :: UssdMessage(sourceAddress=243819720070, userMessageReference=, selectOfferType=1, selectOffe=2, paymentMode=2, currencyType=1)
2023-09-11 07:43:43.030  INFO 4516 --- [http-nio-8080-exec-1] c.c.smppsimapi.service.SimpleMOInjector  : Main menu SMS sent successfully
2023-09-11 07:43:48.660  INFO 4516 --- [http-nio-8080-exec-1] c.c.smppsimapi.service.SimpleMOInjector  : Select offer type SMS sent successfully
2023-09-11 07:43:59.413  INFO 4516 --- [http-nio-8080-exec-1] c.c.smppsimapi.service.SimpleMOInjector  : Offer selection SMS sent successfully
2023-09-11 07:44:40.140  INFO 7340 --- [main] c.c.smppsimapi.SmppsimApiApplication     : Starting SmppsimApiApplication using Java 17.0.7 on DESKTOP-RJTFBEU with PID 7340 (D:\sts-workspace\springboot\SmppsimApi\target\classes started by anket.singh in D:\sts-workspace\springboot\SmppsimApi)
2023-09-11 07:44:40.144  INFO 7340 --- [main] c.c.smppsimapi.SmppsimApiApplication     : No active profile set, falling back to 1 default profile: "default"
2023-09-11 07:44:41.595  INFO 7340 --- [main] o.s.b.w.embedded.tomcat.TomcatWebServer  : Tomcat initialized with port(s): 8080 (http)
2023-09-11 07:44:41.604  INFO 7340 --- [main] o.apache.catalina.core.StandardService   : Starting service [Tomcat]
2023-09-11 07:44:41.605  INFO 7340 --- [main] org.apache.catalina.core.StandardEngine  : Starting Servlet engine: [Apache Tomcat/9.0.79]
2023-09-11 07:44:41.762  INFO 7340 --- [main] o.a.c.c.C.[Tomcat].[localhost].[/]       : Initializing Spring embedded WebApplicationContext
2023-09-11 07:44:41.762  INFO 7340 --- [main] w.s.c.ServletWebServerApplicationContext : Root WebApplicationContext: initialization completed in 1553 ms
2023-09-11 07:44:42.434  INFO 7340 --- [main] o.s.b.w.embedded.tomcat.TomcatWebServer  : Tomcat started on port(s): 8080 (http) with context path ''
2023-09-11 07:44:42.604  INFO 7340 --- [main] c.c.smppsimapi.SmppsimApiApplication     : Started SmppsimApiApplication in 2.951 seconds (JVM running for 3.431)
2023-09-11 07:44:46.972  INFO 7340 --- [http-nio-8080-exec-1] o.a.c.c.C.[Tomcat].[localhost].[/]       : Initializing Spring DispatcherServlet 'dispatcherServlet'
2023-09-11 07:44:46.974  INFO 7340 --- [http-nio-8080-exec-1] o.s.web.servlet.DispatcherServlet        : Initializing Servlet 'dispatcherServlet'
2023-09-11 07:44:46.975  INFO 7340 --- [http-nio-8080-exec-1] o.s.web.servlet.DispatcherServlet        : Completed initialization in 1 ms
2023-09-11 07:44:47.049  INFO 7340 --- [http-nio-8080-exec-1] c.c.s.controller.SmppsimController       : JSON request :: UssdMessage(sourceAddress=243819720070, userMessageReference=, selectOfferType=1, selectOffe=2, paymentMode=2, currencyType=1)
2023-09-11 07:44:47.848  INFO 7340 --- [http-nio-8080-exec-1] c.c.smppsimapi.service.SimpleMOInjector  : Main menu SMS sent successfully
2023-09-11 07:46:07.920  INFO 27548 --- [main] c.c.smppsimapi.SmppsimApiApplication     : Starting SmppsimApiApplication using Java 17.0.7 on DESKTOP-RJTFBEU with PID 27548 (D:\sts-workspace\springboot\SmppsimApi\target\classes started by anket.singh in D:\sts-workspace\springboot\SmppsimApi)
2023-09-11 07:46:07.924  INFO 27548 --- [main] c.c.smppsimapi.SmppsimApiApplication     : No active profile set, falling back to 1 default profile: "default"
2023-09-11 07:46:09.375  INFO 27548 --- [main] o.s.b.w.embedded.tomcat.TomcatWebServer  : Tomcat initialized with port(s): 8080 (http)
2023-09-11 07:46:09.386  INFO 27548 --- [main] o.apache.catalina.core.StandardService   : Starting service [Tomcat]
2023-09-11 07:46:09.386  INFO 27548 --- [main] org.apache.catalina.core.StandardEngine  : Starting Servlet engine: [Apache Tomcat/9.0.79]
2023-09-11 07:46:09.509  INFO 27548 --- [main] o.a.c.c.C.[Tomcat].[localhost].[/]       : Initializing Spring embedded WebApplicationContext
2023-09-11 07:46:09.510  INFO 27548 --- [main] w.s.c.ServletWebServerApplicationContext : Root WebApplicationContext: initialization completed in 1532 ms
2023-09-11 07:46:10.193  INFO 27548 --- [main] o.s.b.w.embedded.tomcat.TomcatWebServer  : Tomcat started on port(s): 8080 (http) with context path ''
2023-09-11 07:46:10.358  INFO 27548 --- [main] c.c.smppsimapi.SmppsimApiApplication     : Started SmppsimApiApplication in 2.935 seconds (JVM running for 3.463)
2023-09-11 07:46:15.038  INFO 27548 --- [http-nio-8080-exec-1] o.a.c.c.C.[Tomcat].[localhost].[/]       : Initializing Spring DispatcherServlet 'dispatcherServlet'
2023-09-11 07:46:15.039  INFO 27548 --- [http-nio-8080-exec-1] o.s.web.servlet.DispatcherServlet        : Initializing Servlet 'dispatcherServlet'
2023-09-11 07:46:15.040  INFO 27548 --- [http-nio-8080-exec-1] o.s.web.servlet.DispatcherServlet        : Completed initialization in 1 ms
2023-09-11 07:46:15.116  INFO 27548 --- [http-nio-8080-exec-1] c.c.s.controller.SmppsimController       : JSON request :: UssdMessage(sourceAddress=243819720070, userMessageReference=, selectOfferType=1, selectOffe=2, paymentMode=2, currencyType=1)
2023-09-11 07:46:15.116  INFO 27548 --- [http-nio-8080-exec-1] c.c.s.controller.SmppsimController       : false 
2023-09-11 07:46:15.827  INFO 27548 --- [http-nio-8080-exec-1] c.c.smppsimapi.service.SimpleMOInjector  : Main menu SMS sent successfully
2023-09-11 07:46:21.647  INFO 27548 --- [http-nio-8080-exec-1] c.c.smppsimapi.service.SimpleMOInjector  : Select offer type SMS sent successfully
2023-09-11 07:49:24.366  INFO 16196 --- [main] c.c.smppsimapi.SmppsimApiApplication     : Starting SmppsimApiApplication using Java 17.0.7 on DESKTOP-RJTFBEU with PID 16196 (D:\sts-workspace\springboot\SmppsimApi\target\classes started by anket.singh in D:\sts-workspace\springboot\SmppsimApi)
2023-09-11 07:49:24.369  INFO 16196 --- [main] c.c.smppsimapi.SmppsimApiApplication     : No active profile set, falling back to 1 default profile: "default"
2023-09-11 07:49:25.835  INFO 16196 --- [main] o.s.b.w.embedded.tomcat.TomcatWebServer  : Tomcat initialized with port(s): 8080 (http)
2023-09-11 07:49:25.846  INFO 16196 --- [main] o.apache.catalina.core.StandardService   : Starting service [Tomcat]
2023-09-11 07:49:25.847  INFO 16196 --- [main] org.apache.catalina.core.StandardEngine  : Starting Servlet engine: [Apache Tomcat/9.0.79]
2023-09-11 07:49:26.014  INFO 16196 --- [main] o.a.c.c.C.[Tomcat].[localhost].[/]       : Initializing Spring embedded WebApplicationContext
2023-09-11 07:49:26.014  INFO 16196 --- [main] w.s.c.ServletWebServerApplicationContext : Root WebApplicationContext: initialization completed in 1579 ms
2023-09-11 07:49:26.712  INFO 16196 --- [main] o.s.b.w.embedded.tomcat.TomcatWebServer  : Tomcat started on port(s): 8080 (http) with context path ''
2023-09-11 07:49:26.933  INFO 16196 --- [main] c.c.smppsimapi.SmppsimApiApplication     : Started SmppsimApiApplication in 3.054 seconds (JVM running for 3.563)
2023-09-11 07:49:36.001  INFO 16196 --- [http-nio-8080-exec-1] o.a.c.c.C.[Tomcat].[localhost].[/]       : Initializing Spring DispatcherServlet 'dispatcherServlet'
2023-09-11 07:49:36.002  INFO 16196 --- [http-nio-8080-exec-1] o.s.web.servlet.DispatcherServlet        : Initializing Servlet 'dispatcherServlet'
2023-09-11 07:49:36.003  INFO 16196 --- [http-nio-8080-exec-1] o.s.web.servlet.DispatcherServlet        : Completed initialization in 1 ms
2023-09-11 07:49:36.092  INFO 16196 --- [http-nio-8080-exec-1] c.c.s.controller.SmppsimController       : JSON request :: UssdMessage(sourceAddress=243819720070, userMessageReference=, selectOfferType=1, selectOffe=2, paymentMode=2, currencyType=1)
2023-09-11 07:49:48.615  INFO 16196 --- [http-nio-8080-exec-3] c.c.s.controller.SmppsimController       : JSON request :: UssdMessage(sourceAddress=, userMessageReference=123, selectOfferType=1, selectOffe=2, paymentMode=2, currencyType=1)
2023-09-11 07:50:00.664  INFO 16196 --- [http-nio-8080-exec-7] c.c.s.controller.SmppsimController       : JSON request :: UssdMessage(sourceAddress=243819720070, userMessageReference=123, selectOfferType=1, selectOffe=2, paymentMode=2, currencyType=1)
2023-09-11 07:50:01.297  INFO 16196 --- [http-nio-8080-exec-7] c.c.smppsimapi.service.SimpleMOInjector  : Main menu SMS sent successfully
2023-09-11 07:50:07.133  INFO 16196 --- [http-nio-8080-exec-7] c.c.smppsimapi.service.SimpleMOInjector  : Select offer type SMS sent successfully
2023-09-11 07:50:17.782  INFO 16196 --- [http-nio-8080-exec-7] c.c.smppsimapi.service.SimpleMOInjector  : Offer selection SMS sent successfully
2023-09-11 07:50:23.634  INFO 16196 --- [http-nio-8080-exec-7] c.c.smppsimapi.service.SimpleMOInjector  : Payment mode selection  SMS sent successfully
2023-09-11 07:50:29.576  INFO 16196 --- [http-nio-8080-exec-7] c.c.smppsimapi.service.SimpleMOInjector  : Currency type selection  SMS sent successfully
2023-09-11 07:50:29.577  INFO 16196 --- [http-nio-8080-exec-7] c.c.smppsimapi.service.SimpleMOInjector  : Program terminated
2023-09-11 08:02:59.587  INFO 13300 --- [main] c.c.s.SmppsimApiApplicationTests         : Starting SmppsimApiApplicationTests using Java 17.0.7 on DESKTOP-RJTFBEU with PID 13300 (started by anket.singh in D:\sts-workspace\springboot\SmppsimApi)
2023-09-11 08:02:59.589  INFO 13300 --- [main] c.c.s.SmppsimApiApplicationTests         : No active profile set, falling back to 1 default profile: "default"
2023-09-11 08:03:03.112  INFO 13300 --- [main] c.c.s.SmppsimApiApplicationTests         : Started SmppsimApiApplicationTests in 4.033 seconds (JVM running for 5.629)
